Hybrid Apps Extension (Aisha)/camera_app/platforms/android/build/outputs/logs/manifest-merger-debug-report.txt
-- Merging decision tree log ---
manifest
ADDED from platforms/android/AndroidManifest.xml:2:1-49:12
	package
		ADDED from platforms/android/AndroidManifest.xml:2:102-129
		INJECTED from platforms/android/AndroidManifest.xml
		INJECTED from platforms/android/AndroidManifest.xml
	android:versionName
		ADDED from platforms/android/AndroidManifest.xml:2:74-101
		INJECTED from platforms/android/AndroidManifest.xml
		INJECTED from platforms/android/AndroidManifest.xml
	android:hardwareAccelerated
		ADDED from platforms/android/AndroidManifest.xml:2:11-45
	android:versionCode
		ADDED from platforms/android/AndroidManifest.xml:2:46-73
		INJECTED from platforms/android/AndroidManifest.xml
		INJECTED from platforms/android/AndroidManifest.xml
	xmlns:android
		ADDED from platforms/android/AndroidManifest.xml:2:130-188
supports-screens
ADDED from platforms/android/AndroidManifest.xml:3:5-191
	android:largeScreens
		ADDED from platforms/android/AndroidManifest.xml:3:49-76
	android:smallScreens
		ADDED from platforms/android/AndroidManifest.xml:3:132-159
	android:normalScreens
		ADDED from platforms/android/AndroidManifest.xml:3:77-105
	android:xlargeScreens
		ADDED from platforms/android/AndroidManifest.xml:3:160-188
	android:resizeable
		ADDED from platforms/android/AndroidManifest.xml:3:106-131
	android:anyDensity
		ADDED from platforms/android/AndroidManifest.xml:3:23-48
application
ADDED from platforms/android/AndroidManifest.xml:4:5-33:19
MERGED from [com.android.support:support-v4:24.1.1] AndroidManifest.xml:25:5-20
	android:label
		ADDED from platforms/android/AndroidManifest.xml:4:81-113
	android:supportsRtl
		ADDED from platforms/android/AndroidManifest.xml:4:114-140
	android:hardwareAccelerated
		ADDED from platforms/android/AndroidManifest.xml:4:18-52
	android:icon
		ADDED from platforms/android/AndroidManifest.xml:4:53-80
activity#com.example.hello.MainActivity
ADDED from platforms/android/AndroidManifest.xml:5:9-10:20
	android:label
		ADDED from platforms/android/AndroidManifest.xml:5:97-134
	android:launchMode
		ADDED from platforms/android/AndroidManifest.xml:5:135-165
	android:windowSoftInputMode
		ADDED from platforms/android/AndroidManifest.xml:5:257-299
	android:configChanges
		ADDED from platforms/android/AndroidManifest.xml:5:19-96
	android:theme
		ADDED from platforms/android/AndroidManifest.xml:5:194-256
	android:name
		ADDED from platforms/android/AndroidManifest.xml:5:166-193
intent-filter#android.intent.action.MAIN+android.intent.category.LAUNCHER
ADDED from platforms/android/AndroidManifest.xml:6:13-9:29
	android:label
		ADDED from platforms/android/AndroidManifest.xml:6:28-65
action#android.intent.action.MAIN
ADDED from platforms/android/AndroidManifest.xml:7:17-69
	android:name
		ADDED from platforms/android/AndroidManifest.xml:7:25-66
category#android.intent.category.LAUNCHER
ADDED from platforms/android/AndroidManifest.xml:8:17-77
	android:name
		ADDED from platforms/android/AndroidManifest.xml:8:27-74
provider#android.support.v4.content.FileProvider
ADDED from platforms/android/AndroidManifest.xml:11:9-13:20
	android:authorities
		ADDED from platforms/android/AndroidManifest.xml:11:19-66
		INJECTED from platforms/android/AndroidManifest.xml
	android:grantUriPermissions
		ADDED from platforms/android/AndroidManifest.xml:11:92-126
	android:exported
		ADDED from platforms/android/AndroidManifest.xml:11:67-91
	android:name
		ADDED from platforms/android/AndroidManifest.xml:11:127-181
meta-data#android.support.FILE_PROVIDER_PATHS
ADDED from platforms/android/AndroidManifest.xml:12:13-116
	android:resource
		ADDED from platforms/android/AndroidManifest.xml:12:75-113
	android:name
		ADDED from platforms/android/AndroidManifest.xml:12:24-74
activity#com.manateeworks.ScannerActivity
ADDED from platforms/android/AndroidManifest.xml:14:9-217
	android:screenOrientation
		ADDED from platforms/android/AndroidManifest.xml:14:118-155
	android:configChanges
		ADDED from platforms/android/AndroidManifest.xml:14:19-69
	android:theme
		ADDED from platforms/android/AndroidManifest.xml:14:156-214
	android:name
		ADDED from platforms/android/AndroidManifest.xml:14:70-117
activity#com.google.zxing.client.android.CaptureActivity
ADDED from platforms/android/AndroidManifest.xml:15:9-20:20
	android:clearTaskOnLaunch
		ADDED from platforms/android/AndroidManifest.xml:15:19-51
	android:screenOrientation
		ADDED from platforms/android/AndroidManifest.xml:15:191-228
	android:exported
		ADDED from platforms/android/AndroidManifest.xml:15:103-127
	android:windowSoftInputMode
		ADDED from platforms/android/AndroidManifest.xml:15:288-335
	android:configChanges
		ADDED from platforms/android/AndroidManifest.xml:15:52-102
	android:theme
		ADDED from platforms/android/AndroidManifest.xml:15:229-287
	android:name
		ADDED from platforms/android/AndroidManifest.xml:15:128-190
intent-filter#android.intent.category.DEFAULT+com.phonegap.plugins.barcodescanner.SCAN
ADDED from platforms/android/AndroidManifest.xml:16:13-19:29
action#com.phonegap.plugins.barcodescanner.SCAN
ADDED from platforms/android/AndroidManifest.xml:17:17-83
	android:name
		ADDED from platforms/android/AndroidManifest.xml:17:25-80
category#android.intent.category.DEFAULT
ADDED from platforms/android/AndroidManifest.xml:18:17-76
	android:name
		ADDED from platforms/android/AndroidManifest.xml:18:27-73
activity#com.google.zxing.client.android.encode.EncodeActivity
ADDED from platforms/android/AndroidManifest.xml:21:9-26:20
	android:label
		ADDED from platforms/android/AndroidManifest.xml:21:19-53
	android:name
		ADDED from platforms/android/AndroidManifest.xml:21:54-122
intent-filter#android.intent.category.DEFAULT+com.phonegap.plugins.barcodescanner.ENCODE
ADDED from platforms/android/AndroidManifest.xml:22:13-25:29
action#com.phonegap.plugins.barcodescanner.ENCODE
ADDED from platforms/android/AndroidManifest.xml:23:17-85
	android:name
		ADDED from platforms/android/AndroidManifest.xml:23:25-82
activity#com.google.zxing.client.android.HelpActivity
ADDED from platforms/android/AndroidManifest.xml:27:9-32:20
	android:label
		ADDED from platforms/android/AndroidManifest.xml:27:19-53
	android:name
		ADDED from platforms/android/AndroidManifest.xml:27:54-113
intent-filter#android.intent.action.VIEW+android.intent.category.DEFAULT
ADDED from platforms/android/AndroidManifest.xml:28:13-31:29
action#android.intent.action.VIEW
ADDED from platforms/android/AndroidManifest.xml:29:17-69
	android:name
		ADDED from platforms/android/AndroidManifest.xml:29:25-66
uses-sdk
ADDED from platforms/android/AndroidManifest.xml:34:5-74
MERGED from [com.android.support:support-v4:24.1.1] AndroidManifest.xml:21:5-23:54
MERGED from [org.apache.cordova:CordovaLib:6.2.3:debug] AndroidManifest.xml:25:5-44
	tools:overrideLibrary
		ADDED from [com.android.support:support-v4:24.1.1] AndroidManifest.xml:23:9-51
	android:targetSdkVersion
		ADDED from platforms/android/AndroidManifest.xml:34:42-71
	android:minSdkVersion
		ADDED from platforms/android/AndroidManifest.xml:34:15-41
uses-feature#android.hardware.location.gps
ADDED from platforms/android/AndroidManifest.xml:35:5-66
	android:name
		ADDED from platforms/android/AndroidManifest.xml:35:19-63
uses-permission#android.permission.WRITE_EXTERNAL_STORAGE
ADDED from platforms/android/AndroidManifest.xml:36:5-81
	android:name
		ADDED from platforms/android/AndroidManifest.xml:36:22-78
uses-permission#android.permission.ACCESS_COARSE_LOCATION
ADDED from platforms/android/AndroidManifest.xml:37:5-81
	android:name
		ADDED from platforms/android/AndroidManifest.xml:37:22-78
uses-permission#android.permission.ACCESS_FINE_LOCATION
ADDED from platforms/android/AndroidManifest.xml:38:5-79
	android:name
		ADDED from platforms/android/AndroidManifest.xml:38:22-76
uses-permission#android.permission.ACCESS_NETWORK_STATE
ADDED from platforms/android/AndroidManifest.xml:39:5-79
	android:name
		ADDED from platforms/android/AndroidManifest.xml:39:22-76
uses-permission#android.permission.READ_CONTACTS
ADDED from platforms/android/AndroidManifest.xml:40:5-72
	android:name
		ADDED from platforms/android/AndroidManifest.xml:40:22-69
uses-permission#android.permission.WRITE_CONTACTS
ADDED from platforms/android/AndroidManifest.xml:41:5-73
	android:name
		ADDED from platforms/android/AndroidManifest.xml:41:22-70
uses-permission#android.permission.GET_ACCOUNTS
ADDED from platforms/android/AndroidManifest.xml:42:5-71
	android:name
		ADDED from platforms/android/AndroidManifest.xml:42:22-68
uses-permission#android.permission.CAMERA
ADDED from platforms/android/AndroidManifest.xml:43:5-65
	android:name
		ADDED from platforms/android/AndroidManifest.xml:43:22-62
uses-permission#android.permission.RECORD_AUDIO
ADDED from platforms/android/AndroidManifest.xml:44:5-71
	android:name
		ADDED from platforms/android/AndroidManifest.xml:44:22-68
uses-permission#android.permission.READ_EXTERNAL_STORAGE
ADDED from platforms/android/AndroidManifest.xml:45:5-80
	android:name
		ADDED from platforms/android/AndroidManifest.xml:45:22-77
uses-permission#android.permission.MODIFY_AUDIO_SETTINGS
ADDED from platforms/android/AndroidManifest.xml:46:5-80
	android:name
		ADDED from platforms/android/AndroidManifest.xml:46:22-77
uses-permission#android.permission.FLASHLIGHT
ADDED from platforms/android/AndroidManifest.xml:47:5-69
	android:name
		ADDED from platforms/android/AndroidManifest.xml:47:22-66
uses-feature#android.hardware.camera
ADDED from platforms/android/AndroidManifest.xml:48:5-85
	android:required
		ADDED from platforms/android/AndroidManifest.xml:48:58-82
	android:name
		ADDED from platforms/android/AndroidManifest.xml:48:19-57